---- Hamburg ----
......................
Hotel: Hamburg Suites
Price Total: 1794
......................
Hotel: Express Lodge
Price Total: 1194
......................
Hotel: The Stanadard Resort
Price Total: 2394
......................
Hotel: The Park Hotel
Price Total: 1734

---- London ----
......................
Hotel: Metropolis Hotel
Price Total: 2274
......................
Hotel: The Lancaster Inn
Price Total: 894
......................
Hotel: Royal Grande Hotel
Price Total: 2694
......................
Hotel: Edwards Inn
Price Total: 660
......................
Hotel: Palace Hotel
Price Total: 2334
......................
Hotel: Trafalgar Inn
Price Total: 774

---- Paris ----
......................
Hotel: Hotel de Paris
Price Total: 2394
......................
Hotel: Champs Elysees Hotel
Price Total: 2394
......................
Hotel: EconoParis Inn
Price Total: 660
......................
Hotel: The Hermitage
Price Total: 1794
......................
Hotel: Paris Business Inn
Price Total: 894
......................
Hotel: Opera Hotel
Price Total: 2394

---- New York ----
......................
Hotel: SoHo Inn
Price Total: 1794
......................
Hotel: NoHo Hotel
Price Total: 1194
......................
Hotel: Broadway Suites
Price Total: 714
......................
Hotel: NY Convention Hotel
Price Total: 1794
......................
Hotel: Central Park Suites
Price Total: 1314
......................
Hotel: Wall St Hotel
Price Total: 1494
......................
Hotel: The Grand Hotel
Price Total: 2394
......................
Hotel: The Inn on the Tavern
Price Total: 666
......................
Hotel: The Americas Hotel
Price Total: 1794

---- Los Angeles ----
....................
Hotel: Downtown Inn
Price Total: 1194
....................
Hotel: LA Motor Lodge
Price Total: 654

---- San Francisco ----
......................
Hotel: The Bay Hotel
Price Total: 1794
......................
Hotel: Golden Suites
Price Total: 3594
......................
Hotel: Metropolitan Hotel
Price Total: 3594
......................
Hotel: Residence Suites
Price Total: 1794
......................
Hotel: City Lights Inn
Price Total: 1794
......................
Hotel: Sunset Hotel
Price Total: 1794
......................
Hotel: The Grand Resort
Price Total: 2994
......................
Hotel: EconoMax Inn
Price Total: 666
......................
Hotel: Golden Gate Hotel
Price Total: 1194

---- Las Vegas ----
......................
Hotel: Grand Gold Resort
Price Total: 540
......................
Hotel: Desert Sun Resort
Price Total: 630
......................
Hotel: Casino World Resort
Price Total: 1266
......................
Hotel: Motel Vegas
Price Total: 174
......................
Hotel: Paradise Resort
Price Total: 1794
......................
Hotel: Sun World Hotel
Price Total: 894
......................
Hotel: Desert Tropics Inn
Price Total: 1794

---- Honolulu ----
......................
Hotel: Honolulu Inn
Price Total: 666
......................
Hotel: Waikiki Beach Hotel
Price Total: 2394
......................
Hotel: Waikiki Suites
Price Total: 2394
......................
Hotel: White Sand Resort
Price Total: 2994
......................
Hotel: Blue Ocean Hotel
Price Total: 714
......................
Hotel: The Blue Turtle Inn
Price Total: 594
......................
Hotel: The Marquis Suite
Price Total: 1194
......................
Hotel: Sandpiper Hotel
Price Total: 3594
......................
Hotel: Sunset Harbor Inn
Price Total: 1194

---- Nassau ----
......................
Hotel: Reef Resort
Price Total: 2394
......................
Hotel: Nassau Beach Hotel
Price Total: 1794
......................
Hotel: Sandybridge Inn
Price Total: 1494
......................
Hotel: Colonial House
Price Total: 2274

---- Rome ----
......................
Hotel: Hotel Roma
Price Total: 1794
......................
Hotel: The International Inn
Price Total: 1674
......................
Hotel: Borolo Hotel
Price Total: 1494
......................
Hotel: The Colosseum Inn
Price Total: 1794
......................
Hotel: Cosmo Residence
Price Total: 774
......................
Hotel: Blue Moon Hotel
Price Total: 1194

