In Hamburg
The Hotel more economical is Express Lodge
this price is 1194
......................
In London
The Hotel more economical is Edwards Inn
this price is 660
......................
In Paris
The Hotel more economical is EconoParis Inn
this price is 660
......................
In New York
The Hotel more economical is The Inn on the Tavern
this price is 666
......................
In Los Angeles
The Hotel more economical is LA Motor Lodge
this price is 654
......................
In San Francisco
The Hotel more economical is EconoMax Inn
this price is 666
......................
In Las Vegas
The Hotel more economical is Motel Vegas
this price is 174
......................
In Honolulu
The Hotel more economical is The Blue Turtle Inn
this price is 594
......................
In Nassau
The Hotel more economical is Sandybridge Inn
this price is 1494
......................
In Rome
The Hotel more economical is Cosmo Residence
this price is 774
......................
